<?xml version="1.0" encoding="UTF-8"?>
<!-- Generated by org.testng.reporters.JUnitXMLReporter -->
<testsuite ignored="0" hostname="s0NU-Lapi" failures="1" tests="5" name="Test" time="39.424" errors="0" timestamp="2025-12-15T20:47:54 IST">
  <testcase classname="testCases.Tc_LoginDDT" name="loginDDT" time="2.803"/>
  <testcase classname="testCases.Tc_LoginDDT" name="loginDDT" time="10.869"/>
  <testcase classname="testCases.Tc_LoginDDT" name="loginDDT" time="11.076"/>
  <testcase classname="testCases.Tc_LoginDDT" name="loginDDT" time="4.641"/>
  <testcase classname="testCases.Tc_LoginDDT" name="loginDDT" time="0.437">
    <failure type="java.lang.AssertionError" message="null">
      <![CDATA[java.lang.AssertionError: null
at testCases.Tc_LoginDDT.loginDDT(Tc_LoginDDT.java:47)
at java.base/java.util.ArrayList.forEach(ArrayList.java:1597)
at java.base/java.util.concurrent.FutureTask.run(FutureTask.java:317)
at java.base/java.util.concurrent.ThreadPoolExecutor.runWorker(ThreadPoolExecutor.java:1144)
at java.base/java.util.concurrent.ThreadPoolExecutor$Worker.run(ThreadPoolExecutor.java:642)
at java.base/java.lang.Thread.run(Thread.java:1575)
... Removed 17 stack frames]]>
    </failure>
  </testcase> <!-- loginDDT -->
</testsuite> <!-- Test -->
