<?xml version="1.0" encoding="UTF-8"?>
<testng-results ignored="0" total="1" passed="1" failed="0" skipped="0">
  <reporter-output>
  </reporter-output>
  <suite started-at="2025-12-16T08:56:42 IST" name="Suite" finished-at="2025-12-16T08:56:49 IST" duration-ms="6930">
    <groups>
      <group name="Master">
        <method signature="Tc002_LoginTest.LoginTest()[pri:0, instance:testCases.Tc002_LoginTest@2101b44a]" name="LoginTest" class="testCases.Tc002_LoginTest"/>
      </group> <!-- Master -->
      <group name="Sanity">
        <method signature="Tc002_LoginTest.LoginTest()[pri:0, instance:testCases.Tc002_LoginTest@2101b44a]" name="LoginTest" class="testCases.Tc002_LoginTest"/>
      </group> <!-- Sanity -->
    </groups>
    <test started-at="2025-12-16T08:56:42 IST" name="Test" finished-at="2025-12-16T08:56:49 IST" duration-ms="6930">
      <class name="testCases.Tc002_LoginTest">
        <test-method is-config="true" signature="setup(java.lang.String,java.lang.String)[pri:0, instance:testCases.Tc002_LoginTest@2101b44a]" started-at="2025-12-16T08:56:42 IST" name="setup" finished-at="2025-12-16T08:56:46 IST" duration-ms="4676" status="PASS">
          <params>
            <param index="0">
              <value>
                <![CDATA[chrome]]>
              </value>
            </param>
            <param index="1">
              <value>
                <![CDATA[Windows]]>
              </value>
            </param>
          </params>
          <reporter-output>
          </reporter-output>
        </test-method> <!-- setup -->
        <test-method signature="LoginTest()[pri:0, instance:testCases.Tc002_LoginTest@2101b44a]" started-at="2025-12-16T08:56:46 IST" name="LoginTest" finished-at="2025-12-16T08:56:48 IST" duration-ms="1684" status="PASS">
          <reporter-output>
          </reporter-output>
        </test-method> <!-- LoginTest -->
        <test-method is-config="true" signature="teardown()[pri:0, instance:testCases.Tc002_LoginTest@2101b44a]" started-at="2025-12-16T08:56:48 IST" name="teardown" finished-at="2025-12-16T08:56:49 IST" duration-ms="534" status="PASS">
          <reporter-output>
          </reporter-output>
        </test-method> <!-- teardown -->
      </class> <!-- testCases.Tc002_LoginTest -->
    </test> <!-- Test -->
  </suite> <!-- Suite -->
</testng-results>
