<?xml version="1.0" encoding="UTF-8"?>
<testng-results ignored="0" total="5" passed="4" failed="1" skipped="0">
  <reporter-output>
  </reporter-output>
  <suite started-at="2025-12-15T20:47:15 IST" name="Suite" finished-at="2025-12-15T20:47:54 IST" duration-ms="39424">
    <groups>
      <group name="DDT">
        <method signature="Tc_LoginDDT.loginDDT(java.lang.String,java.lang.String,java.lang.String)[pri:0, instance:testCases.Tc_LoginDDT@6035b93b]" name="loginDDT" class="testCases.Tc_LoginDDT"/>
      </group> <!-- DDT -->
    </groups>
    <test started-at="2025-12-15T20:47:15 IST" name="Test" finished-at="2025-12-15T20:47:54 IST" duration-ms="39424">
      <class name="testCases.Tc_LoginDDT">
        <test-method is-config="true" signature="setup(java.lang.String,java.lang.String)[pri:0, instance:testCases.Tc_LoginDDT@6035b93b]" started-at="2025-12-15T20:47:15 IST" name="setup" finished-at="2025-12-15T20:47:22 IST" duration-ms="7395" status="PASS">
          <params>
            <param index="0">
              <value>
                <![CDATA[chrome]]>
              </value>
            </param>
            <param index="1">
              <value>
                <![CDATA[Windows]]>
              </value>
            </param>
          </params>
          <reporter-output>
          </reporter-output>
        </test-method> <!-- setup -->
        <test-method signature="loginDDT(java.lang.String,java.lang.String,java.lang.String)[pri:0, instance:testCases.Tc_LoginDDT@6035b93b]" started-at="2025-12-15T20:47:24 IST" name="loginDDT" data-provider="loginData" finished-at="2025-12-15T20:47:27 IST" duration-ms="2803" status="PASS">
          <params>
            <param index="0">
              <value>
                <![CDATA[sonu786akku@gmail.com]]>
              </value>
            </param>
            <param index="1">
              <value>
                <![CDATA[Akram@123]]>
              </value>
            </param>
            <param index="2">
              <value>
                <![CDATA[Valid]]>
              </value>
            </param>
          </params>
          <reporter-output>
          </reporter-output>
        </test-method> <!-- loginDDT -->
        <test-method signature="loginDDT(java.lang.String,java.lang.String,java.lang.String)[pri:0, instance:testCases.Tc_LoginDDT@6035b93b]" started-at="2025-12-15T20:47:27 IST" name="loginDDT" data-provider="loginData" finished-at="2025-12-15T20:47:37 IST" duration-ms="10869" status="PASS">
          <params>
            <param index="0">
              <value>
                <![CDATA[abc123@gmail.com]]>
              </value>
            </param>
            <param index="1">
              <value>
                <![CDATA[abc@4321]]>
              </value>
            </param>
            <param index="2">
              <value>
                <![CDATA[Invalid]]>
              </value>
            </param>
          </params>
          <reporter-output>
          </reporter-output>
        </test-method> <!-- loginDDT -->
        <test-method signature="loginDDT(java.lang.String,java.lang.String,java.lang.String)[pri:0, instance:testCases.Tc_LoginDDT@6035b93b]" started-at="2025-12-15T20:47:37 IST" name="loginDDT" data-provider="loginData" finished-at="2025-12-15T20:47:49 IST" duration-ms="11076" status="PASS">
          <params>
            <param index="0">
              <value>
                <![CDATA[jdlkjs453@gmail.com]]>
              </value>
            </param>
            <param index="1">
              <value>
                <![CDATA[5ojdjfo]]>
              </value>
            </param>
            <param index="2">
              <value>
                <![CDATA[Invalid]]>
              </value>
            </param>
          </params>
          <reporter-output>
          </reporter-output>
        </test-method> <!-- loginDDT -->
        <test-method signature="loginDDT(java.lang.String,java.lang.String,java.lang.String)[pri:0, instance:testCases.Tc_LoginDDT@6035b93b]" started-at="2025-12-15T20:47:49 IST" name="loginDDT" data-provider="loginData" finished-at="2025-12-15T20:47:53 IST" duration-ms="4641" status="PASS">
          <params>
            <param index="0">
              <value>
                <![CDATA[sonu786akku@gmail.com]]>
              </value>
            </param>
            <param index="1">
              <value>
                <![CDATA[Akram@123]]>
              </value>
            </param>
            <param index="2">
              <value>
                <![CDATA[Valid]]>
              </value>
            </param>
          </params>
          <reporter-output>
          </reporter-output>
        </test-method> <!-- loginDDT -->
        <test-method signature="loginDDT(java.lang.String,java.lang.String,java.lang.String)[pri:0, instance:testCases.Tc_LoginDDT@6035b93b]" started-at="2025-12-15T20:47:53 IST" name="loginDDT" data-provider="loginData" finished-at="2025-12-15T20:47:54 IST" duration-ms="437" status="FAIL">
          <params>
            <param index="0">
              <value is-null="true"/>
            </param>
            <param index="1">
              <value is-null="true"/>
            </param>
            <param index="2">
              <value is-null="true"/>
            </param>
          </params>
          <exception class="java.lang.AssertionError">
            <message>
              <![CDATA[null]]>
            </message>
            <full-stacktrace>
              <![CDATA[java.lang.AssertionError: null
at org.testng.Assert.fail(Assert.java:111)
at org.testng.Assert.fail(Assert.java:116)
at testCases.Tc_LoginDDT.loginDDT(Tc_LoginDDT.java:47)
at java.base/jdk.internal.reflect.DirectMethodHandleAccessor.invoke(DirectMethodHandleAccessor.java:103)
at java.base/java.lang.reflect.Method.invoke(Method.java:580)
at org.testng.internal.invokers.MethodInvocationHelper.invokeMethod(MethodInvocationHelper.java:141)
at org.testng.internal.invokers.TestInvoker.invokeMethod(TestInvoker.java:687)
at org.testng.internal.invokers.TestInvoker.invokeTestMethod(TestInvoker.java:230)
at org.testng.internal.invokers.MethodRunner.runInSequence(MethodRunner.java:63)
at org.testng.internal.invokers.TestInvoker$MethodInvocationAgent.invoke(TestInvoker.java:995)
at org.testng.internal.invokers.TestInvoker.invokeTestMethods(TestInvoker.java:203)
at org.testng.internal.invokers.TestMethodWorker.invokeTestMethods(TestMethodWorker.java:154)
at org.testng.internal.invokers.TestMethodWorker.run(TestMethodWorker.java:134)
at java.base/java.util.ArrayList.forEach(ArrayList.java:1597)
at org.testng.TestRunner.privateRun(TestRunner.java:741)
at org.testng.TestRunner.run(TestRunner.java:616)
at org.testng.SuiteRunner.runTest(SuiteRunner.java:421)
at org.testng.SuiteRunner$SuiteWorker.run(SuiteRunner.java:463)
at org.testng.internal.thread.ThreadUtil.lambda$execute$0(ThreadUtil.java:64)
at java.base/java.util.concurrent.FutureTask.run(FutureTask.java:317)
at java.base/java.util.concurrent.ThreadPoolExecutor.runWorker(ThreadPoolExecutor.java:1144)
at java.base/java.util.concurrent.ThreadPoolExecutor$Worker.run(ThreadPoolExecutor.java:642)
at java.base/java.lang.Thread.run(Thread.java:1575)
]]>
            </full-stacktrace>
          </exception> <!-- java.lang.AssertionError -->
          <reporter-output>
          </reporter-output>
        </test-method> <!-- loginDDT -->
        <test-method is-config="true" signature="teardown()[pri:0, instance:testCases.Tc_LoginDDT@6035b93b]" started-at="2025-12-15T20:47:54 IST" name="teardown" finished-at="2025-12-15T20:47:54 IST" duration-ms="778" status="PASS">
          <reporter-output>
          </reporter-output>
        </test-method> <!-- teardown -->
      </class> <!-- testCases.Tc_LoginDDT -->
    </test> <!-- Test -->
  </suite> <!-- Suite -->
</testng-results>
